
*** Running vivado
    with args -log TopModule.vds -m64 -mode batch -messageDb vivado.pb -notrace -source TopModule.tcl

WARNING: Default location for XILINX_VIVADO_HLS not found: 

****** Vivado v2015.2 (64-bit)
  **** SW Build 1266856 on Fri Jun 26 16:35:25 MDT 2015
  **** IP Build 1264090 on Wed Jun 24 14:22:01 MDT 2015
    ** Copyright 1986-2015 Xilinx, Inc. All Rights Reserved.

source TopModule.tcl -notrace
Command: synth_design -top TopModule -part xc7a35tcpg236-1
Starting synth_design
Attempting to get a license for feature 'Synthesis' and/or device 'xc7a35t'
INFO: [Common 17-349] Got license for feature 'Synthesis' and/or device 'xc7a35t'
INFO: [Common 17-1223] The version limit for your license is '2016.12' and will expire in -350 days. A version limit expiration means that, although you may be able to continue to use the current version of tools or IP with this license, you will not be eligible for any updates or new releases.
---------------------------------------------------------------------------------
Starting RTL Elaboration : Time (s): cpu = 00:00:03 ; elapsed = 00:00:03 . Memory (MB): peak = 249.238 ; gain = 69.910
---------------------------------------------------------------------------------
INFO: [Synth 8-638] synthesizing module 'TopModule' [D:/Users/TEMP.PCLABS.000/project_1/project_1.srcs/sources_1/new/TopModule.sv:23]
INFO: [Synth 8-638] synthesizing module 'RandomGenerator' [D:/Users/TEMP.PCLABS.000/project_1/project_1.srcs/sources_1/new/RandomGenerator.sv:23]
INFO: [Synth 8-256] done synthesizing module 'RandomGenerator' (1#1) [D:/Users/TEMP.PCLABS.000/project_1/project_1.srcs/sources_1/new/RandomGenerator.sv:23]
INFO: [Synth 8-638] synthesizing module 'Mapping' [D:/Users/TEMP.PCLABS.000/project_1/project_1.srcs/sources_1/new/Mapping.sv:22]
INFO: [Synth 8-226] default block is never used [D:/Users/TEMP.PCLABS.000/project_1/project_1.srcs/sources_1/new/Mapping.sv:29]
INFO: [Synth 8-256] done synthesizing module 'Mapping' (2#1) [D:/Users/TEMP.PCLABS.000/project_1/project_1.srcs/sources_1/new/Mapping.sv:22]
INFO: [Synth 8-638] synthesizing module 'Duration' [D:/Users/TEMP.PCLABS.000/project_1/project_1.srcs/sources_1/new/Duration.sv:24]
INFO: [Synth 8-226] default block is never used [D:/Users/TEMP.PCLABS.000/project_1/project_1.srcs/sources_1/new/Duration.sv:33]
INFO: [Synth 8-256] done synthesizing module 'Duration' (3#1) [D:/Users/TEMP.PCLABS.000/project_1/project_1.srcs/sources_1/new/Duration.sv:24]
INFO: [Synth 8-638] synthesizing module 'Direction' [D:/Users/TEMP.PCLABS.000/project_1/project_1.srcs/sources_1/new/Direction.sv:23]
INFO: [Synth 8-226] default block is never used [D:/Users/TEMP.PCLABS.000/project_1/project_1.srcs/sources_1/new/Direction.sv:31]
INFO: [Synth 8-256] done synthesizing module 'Direction' (4#1) [D:/Users/TEMP.PCLABS.000/project_1/project_1.srcs/sources_1/new/Direction.sv:23]
INFO: [Synth 8-638] synthesizing module 'steppermotor_wrapper' [D:/Users/TEMP.PCLABS.000/project_1/project_1.srcs/sources_1/new/steppermotor_wrapper.sv:24]
INFO: [Synth 8-638] synthesizing module 'GND' [C:/Xilinx/Vivado/2015.2/scripts/rt/data/unisim_comp.v:3854]
INFO: [Synth 8-256] done synthesizing module 'GND' (5#1) [C:/Xilinx/Vivado/2015.2/scripts/rt/data/unisim_comp.v:3854]
INFO: [Synth 8-638] synthesizing module 'VCC' [C:/Xilinx/Vivado/2015.2/scripts/rt/data/unisim_comp.v:35496]
INFO: [Synth 8-256] done synthesizing module 'VCC' (6#1) [C:/Xilinx/Vivado/2015.2/scripts/rt/data/unisim_comp.v:35496]
INFO: [Synth 8-638] synthesizing module 'LUT1' [C:/Xilinx/Vivado/2015.2/scripts/rt/data/unisim_comp.v:15719]
	Parameter INIT bound to: 2'b01 
INFO: [Synth 8-256] done synthesizing module 'LUT1' (7#1) [C:/Xilinx/Vivado/2015.2/scripts/rt/data/unisim_comp.v:15719]
INFO: [Synth 8-638] synthesizing module 'LUT6' [C:/Xilinx/Vivado/2015.2/scripts/rt/data/unisim_comp.v:15919]
	Parameter INIT bound to: 64'b1100110011110011000000001111001111011101111100110001000111110011 
INFO: [Synth 8-256] done synthesizing module 'LUT6' (8#1) [C:/Xilinx/Vivado/2015.2/scripts/rt/data/unisim_comp.v:15919]
INFO: [Synth 8-638] synthesizing module 'LUT6__parameterized0' [C:/Xilinx/Vivado/2015.2/scripts/rt/data/unisim_comp.v:15919]
	Parameter INIT bound to: 64'b1111111111111111111111111111111111111111111111111111111111111110 
INFO: [Synth 8-256] done synthesizing module 'LUT6__parameterized0' (8#1) [C:/Xilinx/Vivado/2015.2/scripts/rt/data/unisim_comp.v:15919]
INFO: [Synth 8-638] synthesizing module 'LUT2' [C:/Xilinx/Vivado/2015.2/scripts/rt/data/unisim_comp.v:15753]
	Parameter INIT bound to: 4'b0001 
INFO: [Synth 8-256] done synthesizing module 'LUT2' (9#1) [C:/Xilinx/Vivado/2015.2/scripts/rt/data/unisim_comp.v:15753]
INFO: [Synth 8-638] synthesizing module 'LUT4' [C:/Xilinx/Vivado/2015.2/scripts/rt/data/unisim_comp.v:15830]
	Parameter INIT bound to: 16'b1000000000001000 
INFO: [Synth 8-256] done synthesizing module 'LUT4' (10#1) [C:/Xilinx/Vivado/2015.2/scripts/rt/data/unisim_comp.v:15830]
INFO: [Synth 8-638] synthesizing module 'LUT2__parameterized0' [C:/Xilinx/Vivado/2015.2/scripts/rt/data/unisim_comp.v:15753]
	Parameter INIT bound to: 4'b1011 
INFO: [Synth 8-256] done synthesizing module 'LUT2__parameterized0' (10#1) [C:/Xilinx/Vivado/2015.2/scripts/rt/data/unisim_comp.v:15753]
INFO: [Synth 8-638] synthesizing module 'LUT2__parameterized1' [C:/Xilinx/Vivado/2015.2/scripts/rt/data/unisim_comp.v:15753]
	Parameter INIT bound to: 4'b1110 
INFO: [Synth 8-256] done synthesizing module 'LUT2__parameterized1' (10#1) [C:/Xilinx/Vivado/2015.2/scripts/rt/data/unisim_comp.v:15753]
INFO: [Synth 8-638] synthesizing module 'LUT4__parameterized0' [C:/Xilinx/Vivado/2015.2/scripts/rt/data/unisim_comp.v:15830]
	Parameter INIT bound to: 16'b1111111111111101 
INFO: [Synth 8-256] done synthesizing module 'LUT4__parameterized0' (10#1) [C:/Xilinx/Vivado/2015.2/scripts/rt/data/unisim_comp.v:15830]
INFO: [Synth 8-638] synthesizing module 'LUT4__parameterized1' [C:/Xilinx/Vivado/2015.2/scripts/rt/data/unisim_comp.v:15830]
	Parameter INIT bound to: 16'b0001000000000100 
INFO: [Synth 8-256] done synthesizing module 'LUT4__parameterized1' (10#1) [C:/Xilinx/Vivado/2015.2/scripts/rt/data/unisim_comp.v:15830]
INFO: [Synth 8-638] synthesizing module 'LUT4__parameterized2' [C:/Xilinx/Vivado/2015.2/scripts/rt/data/unisim_comp.v:15830]
	Parameter INIT bound to: 16'b0000000000100100 
INFO: [Synth 8-256] done synthesizing module 'LUT4__parameterized2' (10#1) [C:/Xilinx/Vivado/2015.2/scripts/rt/data/unisim_comp.v:15830]
INFO: [Synth 8-638] synthesizing module 'LUT4__parameterized3' [C:/Xilinx/Vivado/2015.2/scripts/rt/data/unisim_comp.v:15830]
	Parameter INIT bound to: 16'b0000100010000000 
INFO: [Synth 8-256] done synthesizing module 'LUT4__parameterized3' (10#1) [C:/Xilinx/Vivado/2015.2/scripts/rt/data/unisim_comp.v:15830]
INFO: [Synth 8-638] synthesizing module 'LUT3' [C:/Xilinx/Vivado/2015.2/scripts/rt/data/unisim_comp.v:15790]
	Parameter INIT bound to: 8'b00000001 
INFO: [Synth 8-256] done synthesizing module 'LUT3' (11#1) [C:/Xilinx/Vivado/2015.2/scripts/rt/data/unisim_comp.v:15790]
INFO: [Synth 8-638] synthesizing module 'LUT4__parameterized4' [C:/Xilinx/Vivado/2015.2/scripts/rt/data/unisim_comp.v:15830]
	Parameter INIT bound to: 16'b0001000000000100 
INFO: [Synth 8-256] done synthesizing module 'LUT4__parameterized4' (11#1) [C:/Xilinx/Vivado/2015.2/scripts/rt/data/unisim_comp.v:15830]
INFO: [Synth 8-638] synthesizing module 'LUT4__parameterized5' [C:/Xilinx/Vivado/2015.2/scripts/rt/data/unisim_comp.v:15830]
	Parameter INIT bound to: 16'b0000000000100100 
INFO: [Synth 8-256] done synthesizing module 'LUT4__parameterized5' (11#1) [C:/Xilinx/Vivado/2015.2/scripts/rt/data/unisim_comp.v:15830]
INFO: [Synth 8-638] synthesizing module 'LUT4__parameterized6' [C:/Xilinx/Vivado/2015.2/scripts/rt/data/unisim_comp.v:15830]
	Parameter INIT bound to: 16'b0000100010000000 
INFO: [Synth 8-256] done synthesizing module 'LUT4__parameterized6' (11#1) [C:/Xilinx/Vivado/2015.2/scripts/rt/data/unisim_comp.v:15830]
INFO: [Synth 8-638] synthesizing module 'LUT5' [C:/Xilinx/Vivado/2015.2/scripts/rt/data/unisim_comp.v:15873]
	Parameter INIT bound to: 32'b11111111111111111111111111111110 
INFO: [Synth 8-256] done synthesizing module 'LUT5' (12#1) [C:/Xilinx/Vivado/2015.2/scripts/rt/data/unisim_comp.v:15873]
INFO: [Synth 8-638] synthesizing module 'LUT4__parameterized7' [C:/Xilinx/Vivado/2015.2/scripts/rt/data/unisim_comp.v:15830]
	Parameter INIT bound to: 16'b1000000001000000 
INFO: [Synth 8-256] done synthesizing module 'LUT4__parameterized7' (12#1) [C:/Xilinx/Vivado/2015.2/scripts/rt/data/unisim_comp.v:15830]
INFO: [Synth 8-638] synthesizing module 'LUT4__parameterized8' [C:/Xilinx/Vivado/2015.2/scripts/rt/data/unisim_comp.v:15830]
	Parameter INIT bound to: 16'b0000000000010100 
INFO: [Synth 8-256] done synthesizing module 'LUT4__parameterized8' (12#1) [C:/Xilinx/Vivado/2015.2/scripts/rt/data/unisim_comp.v:15830]
INFO: [Synth 8-638] synthesizing module 'LUT4__parameterized9' [C:/Xilinx/Vivado/2015.2/scripts/rt/data/unisim_comp.v:15830]
	Parameter INIT bound to: 16'b1000000001000000 
INFO: [Synth 8-256] done synthesizing module 'LUT4__parameterized9' (12#1) [C:/Xilinx/Vivado/2015.2/scripts/rt/data/unisim_comp.v:15830]
INFO: [Synth 8-638] synthesizing module 'LUT4__parameterized10' [C:/Xilinx/Vivado/2015.2/scripts/rt/data/unisim_comp.v:15830]
	Parameter INIT bound to: 16'b0000000000010100 
INFO: [Synth 8-256] done synthesizing module 'LUT4__parameterized10' (12#1) [C:/Xilinx/Vivado/2015.2/scripts/rt/data/unisim_comp.v:15830]
INFO: [Synth 8-638] synthesizing module 'LUT6__parameterized1' [C:/Xilinx/Vivado/2015.2/scripts/rt/data/unisim_comp.v:15919]
	Parameter INIT bound to: 64'b1111111111111111111111111111111111111111111111111111111111111110 
INFO: [Synth 8-256] done synthesizing module 'LUT6__parameterized1' (12#1) [C:/Xilinx/Vivado/2015.2/scripts/rt/data/unisim_comp.v:15919]
INFO: [Synth 8-638] synthesizing module 'LUT5__parameterized0' [C:/Xilinx/Vivado/2015.2/scripts/rt/data/unisim_comp.v:15873]
	Parameter INIT bound to: 32'b11111111111111111011111111111111 
INFO: [Synth 8-256] done synthesizing module 'LUT5__parameterized0' (12#1) [C:/Xilinx/Vivado/2015.2/scripts/rt/data/unisim_comp.v:15873]
INFO: [Synth 8-638] synthesizing module 'LUT3__parameterized0' [C:/Xilinx/Vivado/2015.2/scripts/rt/data/unisim_comp.v:15790]
	Parameter INIT bound to: 8'b11110111 
INFO: [Synth 8-256] done synthesizing module 'LUT3__parameterized0' (12#1) [C:/Xilinx/Vivado/2015.2/scripts/rt/data/unisim_comp.v:15790]
INFO: [Synth 8-638] synthesizing module 'LUT3__parameterized1' [C:/Xilinx/Vivado/2015.2/scripts/rt/data/unisim_comp.v:15790]
	Parameter INIT bound to: 8'b11111101 
INFO: [Synth 8-256] done synthesizing module 'LUT3__parameterized1' (12#1) [C:/Xilinx/Vivado/2015.2/scripts/rt/data/unisim_comp.v:15790]
INFO: [Synth 8-638] synthesizing module 'FDRE' [C:/Xilinx/Vivado/2015.2/scripts/rt/data/unisim_comp.v:3016]
	Parameter INIT bound to: 1'b0 
	Parameter IS_C_INVERTED bound to: 1'b0 
	Parameter IS_D_INVERTED bound to: 1'b0 
	Parameter IS_R_INVERTED bound to: 1'b0 
INFO: [Synth 8-256] done synthesizing module 'FDRE' (13#1) [C:/Xilinx/Vivado/2015.2/scripts/rt/data/unisim_comp.v:3016]
INFO: [Synth 8-638] synthesizing module 'CARRY4' [C:/Xilinx/Vivado/2015.2/scripts/rt/data/unisim_comp.v:951]
INFO: [Synth 8-256] done synthesizing module 'CARRY4' (14#1) [C:/Xilinx/Vivado/2015.2/scripts/rt/data/unisim_comp.v:951]
WARNING: [Synth 8-350] instance 'count_reg[28]_i_11' of module 'CARRY4' requires 6 connections, but only 5 given [D:/Users/TEMP.PCLABS.000/project_1/project_1.srcs/sources_1/new/steppermotor_wrapper.sv:582]
WARNING: [Synth 8-350] instance 'count_reg[28]_i_14' of module 'CARRY4' requires 6 connections, but only 5 given [D:/Users/TEMP.PCLABS.000/project_1/project_1.srcs/sources_1/new/steppermotor_wrapper.sv:588]
WARNING: [Synth 8-689] width (3) of port connection 'CO' does not match port width (4) of module 'CARRY4' [D:/Users/TEMP.PCLABS.000/project_1/project_1.srcs/sources_1/new/steppermotor_wrapper.sv:596]
WARNING: [Synth 8-350] instance 'count_reg[28]_i_20' of module 'CARRY4' requires 6 connections, but only 5 given [D:/Users/TEMP.PCLABS.000/project_1/project_1.srcs/sources_1/new/steppermotor_wrapper.sv:601]
WARNING: [Synth 8-350] instance 'count_reg[28]_i_25' of module 'CARRY4' requires 6 connections, but only 5 given [D:/Users/TEMP.PCLABS.000/project_1/project_1.srcs/sources_1/new/steppermotor_wrapper.sv:607]
WARNING: [Synth 8-689] width (2) of port connection 'CO' does not match port width (4) of module 'CARRY4' [D:/Users/TEMP.PCLABS.000/project_1/project_1.srcs/sources_1/new/steppermotor_wrapper.sv:615]
WARNING: [Synth 8-350] instance 'count_reg[28]_i_4' of module 'CARRY4' requires 6 connections, but only 5 given [D:/Users/TEMP.PCLABS.000/project_1/project_1.srcs/sources_1/new/steppermotor_wrapper.sv:613]
WARNING: [Synth 8-689] width (2) of port connection 'CO' does not match port width (4) of module 'CARRY4' [D:/Users/TEMP.PCLABS.000/project_1/project_1.srcs/sources_1/new/steppermotor_wrapper.sv:621]
WARNING: [Synth 8-350] instance 'count_reg[28]_i_5' of module 'CARRY4' requires 6 connections, but only 5 given [D:/Users/TEMP.PCLABS.000/project_1/project_1.srcs/sources_1/new/steppermotor_wrapper.sv:619]
INFO: [Synth 8-638] synthesizing module 'LUT5__parameterized1' [C:/Xilinx/Vivado/2015.2/scripts/rt/data/unisim_comp.v:15873]
	Parameter INIT bound to: 32'b10111000111111111011100000000000 
INFO: [Synth 8-256] done synthesizing module 'LUT5__parameterized1' (14#1) [C:/Xilinx/Vivado/2015.2/scripts/rt/data/unisim_comp.v:15873]
INFO: [Synth 8-638] synthesizing module 'LUT2__parameterized2' [C:/Xilinx/Vivado/2015.2/scripts/rt/data/unisim_comp.v:15753]
	Parameter INIT bound to: 4'b0010 
INFO: [Synth 8-256] done synthesizing module 'LUT2__parameterized2' (14#1) [C:/Xilinx/Vivado/2015.2/scripts/rt/data/unisim_comp.v:15753]
INFO: [Synth 8-638] synthesizing module 'LUT6__parameterized2' [C:/Xilinx/Vivado/2015.2/scripts/rt/data/unisim_comp.v:15919]
	Parameter INIT bound to: 64'b0000000000000000111111111111111100010001111100000001000111110000 
INFO: [Synth 8-256] done synthesizing module 'LUT6__parameterized2' (14#1) [C:/Xilinx/Vivado/2015.2/scripts/rt/data/unisim_comp.v:15919]
INFO: [Synth 8-638] synthesizing module 'LUT3__parameterized2' [C:/Xilinx/Vivado/2015.2/scripts/rt/data/unisim_comp.v:15790]
	Parameter INIT bound to: 8'b01101100 
INFO: [Synth 8-256] done synthesizing module 'LUT3__parameterized2' (14#1) [C:/Xilinx/Vivado/2015.2/scripts/rt/data/unisim_comp.v:15790]
INFO: [Synth 8-638] synthesizing module 'LUT3__parameterized3' [C:/Xilinx/Vivado/2015.2/scripts/rt/data/unisim_comp.v:15790]
	Parameter INIT bound to: 8'b10111000 
INFO: [Synth 8-256] done synthesizing module 'LUT3__parameterized3' (14#1) [C:/Xilinx/Vivado/2015.2/scripts/rt/data/unisim_comp.v:15790]
INFO: [Synth 8-638] synthesizing module 'stepmotor' [D:/Users/TEMP.PCLABS.000/project_1/project_1.srcs/sources_1/new/stepmotor.sv:23]
INFO: [Synth 8-638] synthesizing module 'LUT2__parameterized3' [C:/Xilinx/Vivado/2015.2/scripts/rt/data/unisim_comp.v:15753]
	Parameter INIT bound to: 4'b1110 
INFO: [Synth 8-256] done synthesizing module 'LUT2__parameterized3' (14#1) [C:/Xilinx/Vivado/2015.2/scripts/rt/data/unisim_comp.v:15753]
INFO: [Synth 8-638] synthesizing module 'LUT2__parameterized4' [C:/Xilinx/Vivado/2015.2/scripts/rt/data/unisim_comp.v:15753]
	Parameter INIT bound to: 4'b0110 
INFO: [Synth 8-256] done synthesizing module 'LUT2__parameterized4' (14#1) [C:/Xilinx/Vivado/2015.2/scripts/rt/data/unisim_comp.v:15753]
INFO: [Synth 8-638] synthesizing module 'LUT2__parameterized5' [C:/Xilinx/Vivado/2015.2/scripts/rt/data/unisim_comp.v:15753]
	Parameter INIT bound to: 4'b0010 
INFO: [Synth 8-256] done synthesizing module 'LUT2__parameterized5' (14#1) [C:/Xilinx/Vivado/2015.2/scripts/rt/data/unisim_comp.v:15753]
INFO: [Synth 8-638] synthesizing module 'LUT3__parameterized4' [C:/Xilinx/Vivado/2015.2/scripts/rt/data/unisim_comp.v:15790]
	Parameter INIT bound to: 8'b01110100 
INFO: [Synth 8-256] done synthesizing module 'LUT3__parameterized4' (14#1) [C:/Xilinx/Vivado/2015.2/scripts/rt/data/unisim_comp.v:15790]
INFO: [Synth 8-638] synthesizing module 'LUT5__parameterized2' [C:/Xilinx/Vivado/2015.2/scripts/rt/data/unisim_comp.v:15873]
	Parameter INIT bound to: 32'b10010110111111111001011000000000 
INFO: [Synth 8-256] done synthesizing module 'LUT5__parameterized2' (14#1) [C:/Xilinx/Vivado/2015.2/scripts/rt/data/unisim_comp.v:15873]
INFO: [Synth 8-638] synthesizing module 'LUT5__parameterized3' [C:/Xilinx/Vivado/2015.2/scripts/rt/data/unisim_comp.v:15873]
	Parameter INIT bound to: 32'b00000000000000001000000000000000 
INFO: [Synth 8-256] done synthesizing module 'LUT5__parameterized3' (14#1) [C:/Xilinx/Vivado/2015.2/scripts/rt/data/unisim_comp.v:15873]
INFO: [Synth 8-638] synthesizing module 'LUT6__parameterized3' [C:/Xilinx/Vivado/2015.2/scripts/rt/data/unisim_comp.v:15919]
	Parameter INIT bound to: 64'b0000000000000000000000000000000000000000000000000000000000000001 
INFO: [Synth 8-256] done synthesizing module 'LUT6__parameterized3' (14#1) [C:/Xilinx/Vivado/2015.2/scripts/rt/data/unisim_comp.v:15919]
INFO: [Synth 8-638] synthesizing module 'LUT6__parameterized4' [C:/Xilinx/Vivado/2015.2/scripts/rt/data/unisim_comp.v:15919]
	Parameter INIT bound to: 64'b0000000000000000000000000000000000000000000000000000000000000001 
INFO: [Synth 8-256] done synthesizing module 'LUT6__parameterized4' (14#1) [C:/Xilinx/Vivado/2015.2/scripts/rt/data/unisim_comp.v:15919]
INFO: [Synth 8-638] synthesizing module 'LUT6__parameterized5' [C:/Xilinx/Vivado/2015.2/scripts/rt/data/unisim_comp.v:15919]
	Parameter INIT bound to: 64'b0000000000000000000000000000000000000000000000000000000000000001 
INFO: [Synth 8-256] done synthesizing module 'LUT6__parameterized5' (14#1) [C:/Xilinx/Vivado/2015.2/scripts/rt/data/unisim_comp.v:15919]
INFO: [Synth 8-638] synthesizing module 'LUT4__parameterized11' [C:/Xilinx/Vivado/2015.2/scripts/rt/data/unisim_comp.v:15830]
	Parameter INIT bound to: 16'b1000000000000001 
INFO: [Synth 8-256] done synthesizing module 'LUT4__parameterized11' (14#1) [C:/Xilinx/Vivado/2015.2/scripts/rt/data/unisim_comp.v:15830]
INFO: [Synth 8-638] synthesizing module 'LUT4__parameterized12' [C:/Xilinx/Vivado/2015.2/scripts/rt/data/unisim_comp.v:15830]
	Parameter INIT bound to: 16'b1000000000000001 
INFO: [Synth 8-256] done synthesizing module 'LUT4__parameterized12' (14#1) [C:/Xilinx/Vivado/2015.2/scripts/rt/data/unisim_comp.v:15830]
INFO: [Synth 8-638] synthesizing module 'LUT4__parameterized13' [C:/Xilinx/Vivado/2015.2/scripts/rt/data/unisim_comp.v:15830]
	Parameter INIT bound to: 16'b1000000000000001 
INFO: [Synth 8-256] done synthesizing module 'LUT4__parameterized13' (14#1) [C:/Xilinx/Vivado/2015.2/scripts/rt/data/unisim_comp.v:15830]
INFO: [Synth 8-638] synthesizing module 'LUT4__parameterized14' [C:/Xilinx/Vivado/2015.2/scripts/rt/data/unisim_comp.v:15830]
	Parameter INIT bound to: 16'b1001000000001001 
INFO: [Synth 8-256] done synthesizing module 'LUT4__parameterized14' (14#1) [C:/Xilinx/Vivado/2015.2/scripts/rt/data/unisim_comp.v:15830]
INFO: [Synth 8-638] synthesizing module 'LUT4__parameterized15' [C:/Xilinx/Vivado/2015.2/scripts/rt/data/unisim_comp.v:15830]
	Parameter INIT bound to: 16'b1000000000000001 
INFO: [Synth 8-256] done synthesizing module 'LUT4__parameterized15' (14#1) [C:/Xilinx/Vivado/2015.2/scripts/rt/data/unisim_comp.v:15830]
INFO: [Synth 8-638] synthesizing module 'LUT4__parameterized16' [C:/Xilinx/Vivado/2015.2/scripts/rt/data/unisim_comp.v:15830]
	Parameter INIT bound to: 16'b1000000000000001 
INFO: [Synth 8-256] done synthesizing module 'LUT4__parameterized16' (14#1) [C:/Xilinx/Vivado/2015.2/scripts/rt/data/unisim_comp.v:15830]
INFO: [Synth 8-638] synthesizing module 'LUT4__parameterized17' [C:/Xilinx/Vivado/2015.2/scripts/rt/data/unisim_comp.v:15830]
	Parameter INIT bound to: 16'b1000000000000001 
INFO: [Synth 8-256] done synthesizing module 'LUT4__parameterized17' (14#1) [C:/Xilinx/Vivado/2015.2/scripts/rt/data/unisim_comp.v:15830]
WARNING: [Synth 8-689] width (3) of port connection 'CO' does not match port width (4) of module 'CARRY4' [D:/Users/TEMP.PCLABS.000/project_1/project_1.srcs/sources_1/new/stepmotor.sv:308]
WARNING: [Synth 8-350] instance 'count_reg[0]_i_1' of module 'CARRY4' requires 6 connections, but only 5 given [D:/Users/TEMP.PCLABS.000/project_1/project_1.srcs/sources_1/new/stepmotor.sv:306]
WARNING: [Synth 8-350] instance 'count_reg[0]_i_4' of module 'CARRY4' requires 6 connections, but only 5 given [D:/Users/TEMP.PCLABS.000/project_1/project_1.srcs/sources_1/new/stepmotor.sv:319]
WARNING: [Synth 8-689] width (3) of port connection 'CO' does not match port width (4) of module 'CARRY4' [D:/Users/TEMP.PCLABS.000/project_1/project_1.srcs/sources_1/new/stepmotor.sv:390]
INFO: [Synth 8-638] synthesizing module 'LUT2__parameterized6' [C:/Xilinx/Vivado/2015.2/scripts/rt/data/unisim_comp.v:15753]
	Parameter INIT bound to: 4'b0110 
INFO: [Synth 8-256] done synthesizing module 'LUT2__parameterized6' (14#1) [C:/Xilinx/Vivado/2015.2/scripts/rt/data/unisim_comp.v:15753]
INFO: [Synth 8-638] synthesizing module 'LUT2__parameterized7' [C:/Xilinx/Vivado/2015.2/scripts/rt/data/unisim_comp.v:15753]
	Parameter INIT bound to: 4'b1001 
INFO: [Synth 8-256] done synthesizing module 'LUT2__parameterized7' (14#1) [C:/Xilinx/Vivado/2015.2/scripts/rt/data/unisim_comp.v:15753]
INFO: [Synth 8-256] done synthesizing module 'stepmotor' (15#1) [D:/Users/TEMP.PCLABS.000/project_1/project_1.srcs/sources_1/new/stepmotor.sv:23]
INFO: [Synth 8-256] done synthesizing module 'steppermotor_wrapper' (16#1) [D:/Users/TEMP.PCLABS.000/project_1/project_1.srcs/sources_1/new/steppermotor_wrapper.sv:24]
INFO: [Synth 8-638] synthesizing module 'SevSeg_4digit' [D:/Users/TEMP.PCLABS.000/project_1/project_1.srcs/sources_1/new/SevSeg_4digit.sv:39]
INFO: [Synth 8-638] synthesizing module 'LUT4__parameterized18' [C:/Xilinx/Vivado/2015.2/scripts/rt/data/unisim_comp.v:15830]
	Parameter INIT bound to: 16'b0010000010010100 
INFO: [Synth 8-256] done synthesizing module 'LUT4__parameterized18' (16#1) [C:/Xilinx/Vivado/2015.2/scripts/rt/data/unisim_comp.v:15830]
INFO: [Synth 8-638] synthesizing module 'LUT6__parameterized6' [C:/Xilinx/Vivado/2015.2/scripts/rt/data/unisim_comp.v:15919]
	Parameter INIT bound to: 64'b1111000010101010111111111100110011110000101010100000000011001100 
INFO: [Synth 8-256] done synthesizing module 'LUT6__parameterized6' (16#1) [C:/Xilinx/Vivado/2015.2/scripts/rt/data/unisim_comp.v:15919]
INFO: [Synth 8-638] synthesizing module 'LUT6__parameterized7' [C:/Xilinx/Vivado/2015.2/scripts/rt/data/unisim_comp.v:15919]
	Parameter INIT bound to: 64'b1111000010101010111111111100110011110000101010100000000011001100 
INFO: [Synth 8-256] done synthesizing module 'LUT6__parameterized7' (16#1) [C:/Xilinx/Vivado/2015.2/scripts/rt/data/unisim_comp.v:15919]
INFO: [Synth 8-638] synthesizing module 'LUT6__parameterized8' [C:/Xilinx/Vivado/2015.2/scripts/rt/data/unisim_comp.v:15919]
	Parameter INIT bound to: 64'b1111000010101010111111111100110011110000101010100000000011001100 
INFO: [Synth 8-256] done synthesizing module 'LUT6__parameterized8' (16#1) [C:/Xilinx/Vivado/2015.2/scripts/rt/data/unisim_comp.v:15919]
INFO: [Synth 8-638] synthesizing module 'LUT6__parameterized9' [C:/Xilinx/Vivado/2015.2/scripts/rt/data/unisim_comp.v:15919]
	Parameter INIT bound to: 64'b1111000010101010111111111100110011110000101010100000000011001100 
INFO: [Synth 8-256] done synthesizing module 'LUT6__parameterized9' (16#1) [C:/Xilinx/Vivado/2015.2/scripts/rt/data/unisim_comp.v:15919]
INFO: [Synth 8-638] synthesizing module 'LUT2__parameterized8' [C:/Xilinx/Vivado/2015.2/scripts/rt/data/unisim_comp.v:15753]
	Parameter INIT bound to: 4'b1110 
INFO: [Synth 8-256] done synthesizing module 'LUT2__parameterized8' (16#1) [C:/Xilinx/Vivado/2015.2/scripts/rt/data/unisim_comp.v:15753]
INFO: [Synth 8-638] synthesizing module 'LUT2__parameterized9' [C:/Xilinx/Vivado/2015.2/scripts/rt/data/unisim_comp.v:15753]
	Parameter INIT bound to: 4'b1011 
INFO: [Synth 8-256] done synthesizing module 'LUT2__parameterized9' (16#1) [C:/Xilinx/Vivado/2015.2/scripts/rt/data/unisim_comp.v:15753]
INFO: [Synth 8-638] synthesizing module 'LUT2__parameterized10' [C:/Xilinx/Vivado/2015.2/scripts/rt/data/unisim_comp.v:15753]
	Parameter INIT bound to: 4'b1011 
INFO: [Synth 8-256] done synthesizing module 'LUT2__parameterized10' (16#1) [C:/Xilinx/Vivado/2015.2/scripts/rt/data/unisim_comp.v:15753]
INFO: [Synth 8-638] synthesizing module 'LUT2__parameterized11' [C:/Xilinx/Vivado/2015.2/scripts/rt/data/unisim_comp.v:15753]
	Parameter INIT bound to: 4'b0111 
INFO: [Synth 8-256] done synthesizing module 'LUT2__parameterized11' (16#1) [C:/Xilinx/Vivado/2015.2/scripts/rt/data/unisim_comp.v:15753]
INFO: [Synth 8-638] synthesizing module 'LUT4__parameterized19' [C:/Xilinx/Vivado/2015.2/scripts/rt/data/unisim_comp.v:15830]
	Parameter INIT bound to: 16'b1010110001001000 
INFO: [Synth 8-256] done synthesizing module 'LUT4__parameterized19' (16#1) [C:/Xilinx/Vivado/2015.2/scripts/rt/data/unisim_comp.v:15830]
INFO: [Synth 8-638] synthesizing module 'LUT4__parameterized20' [C:/Xilinx/Vivado/2015.2/scripts/rt/data/unisim_comp.v:15830]
	Parameter INIT bound to: 16'b1010001000010000 
INFO: [Synth 8-256] done synthesizing module 'LUT4__parameterized20' (16#1) [C:/Xilinx/Vivado/2015.2/scripts/rt/data/unisim_comp.v:15830]
WARNING: [Synth 8-689] width (1) of port connection 'CO' does not match port width (4) of module 'CARRY4' [D:/Users/TEMP.PCLABS.000/project_1/project_1.srcs/sources_1/new/SevSeg_4digit.sv:314]
WARNING: [Synth 8-689] width (2) of port connection 'O' does not match port width (4) of module 'CARRY4' [D:/Users/TEMP.PCLABS.000/project_1/project_1.srcs/sources_1/new/SevSeg_4digit.sv:317]
INFO: [Synth 8-638] synthesizing module 'LUT4__parameterized21' [C:/Xilinx/Vivado/2015.2/scripts/rt/data/unisim_comp.v:15830]
	Parameter INIT bound to: 16'b1100001000010100 
INFO: [Synth 8-256] done synthesizing module 'LUT4__parameterized21' (16#1) [C:/Xilinx/Vivado/2015.2/scripts/rt/data/unisim_comp.v:15830]
INFO: [Synth 8-638] synthesizing module 'LUT4__parameterized22' [C:/Xilinx/Vivado/2015.2/scripts/rt/data/unisim_comp.v:15830]
	Parameter INIT bound to: 16'b0101011100010000 
INFO: [Synth 8-256] done synthesizing module 'LUT4__parameterized22' (16#1) [C:/Xilinx/Vivado/2015.2/scripts/rt/data/unisim_comp.v:15830]
INFO: [Synth 8-638] synthesizing module 'LUT4__parameterized23' [C:/Xilinx/Vivado/2015.2/scripts/rt/data/unisim_comp.v:15830]
	Parameter INIT bound to: 16'b0101000110010000 
INFO: [Synth 8-256] done synthesizing module 'LUT4__parameterized23' (16#1) [C:/Xilinx/Vivado/2015.2/scripts/rt/data/unisim_comp.v:15830]
INFO: [Synth 8-638] synthesizing module 'LUT4__parameterized24' [C:/Xilinx/Vivado/2015.2/scripts/rt/data/unisim_comp.v:15830]
	Parameter INIT bound to: 16'b0100000000100101 
INFO: [Synth 8-256] done synthesizing module 'LUT4__parameterized24' (16#1) [C:/Xilinx/Vivado/2015.2/scripts/rt/data/unisim_comp.v:15830]
INFO: [Synth 8-256] done synthesizing module 'SevSeg_4digit' (17#1) [D:/Users/TEMP.PCLABS.000/project_1/project_1.srcs/sources_1/new/SevSeg_4digit.sv:39]
INFO: [Synth 8-638] synthesizing module 'keypad4X4' [D:/Users/TEMP.PCLABS.000/project_1/project_1.srcs/sources_1/new/keypad4X4.sv:26]
INFO: [Synth 8-638] synthesizing module 'LUT4__parameterized25' [C:/Xilinx/Vivado/2015.2/scripts/rt/data/unisim_comp.v:15830]
	Parameter INIT bound to: 16'b1010101010101011 
INFO: [Synth 8-256] done synthesizing module 'LUT4__parameterized25' (17#1) [C:/Xilinx/Vivado/2015.2/scripts/rt/data/unisim_comp.v:15830]
INFO: [Synth 8-638] synthesizing module 'LUT2__parameterized12' [C:/Xilinx/Vivado/2015.2/scripts/rt/data/unisim_comp.v:15753]
	Parameter INIT bound to: 4'b0010 
INFO: [Synth 8-256] done synthesizing module 'LUT2__parameterized12' (17#1) [C:/Xilinx/Vivado/2015.2/scripts/rt/data/unisim_comp.v:15753]
INFO: [Synth 8-638] synthesizing module 'FDRE__parameterized0' [C:/Xilinx/Vivado/2015.2/scripts/rt/data/unisim_comp.v:3016]
	Parameter INIT bound to: 1'b1 
	Parameter IS_C_INVERTED bound to: 1'b0 
	Parameter IS_D_INVERTED bound to: 1'b0 
	Parameter IS_R_INVERTED bound to: 1'b0 
INFO: [Synth 8-256] done synthesizing module 'FDRE__parameterized0' (17#1) [C:/Xilinx/Vivado/2015.2/scripts/rt/data/unisim_comp.v:3016]
INFO: [Synth 8-638] synthesizing module 'LUT3__parameterized5' [C:/Xilinx/Vivado/2015.2/scripts/rt/data/unisim_comp.v:15790]
	Parameter INIT bound to: 8'b10000000 
INFO: [Synth 8-256] done synthesizing module 'LUT3__parameterized5' (17#1) [C:/Xilinx/Vivado/2015.2/scripts/rt/data/unisim_comp.v:15790]
INFO: [Synth 8-638] synthesizing module 'LUT6__parameterized10' [C:/Xilinx/Vivado/2015.2/scripts/rt/data/unisim_comp.v:15919]
	Parameter INIT bound to: 64'b1000000000000000000000000000000000000000000000000000000000000000 
INFO: [Synth 8-256] done synthesizing module 'LUT6__parameterized10' (17#1) [C:/Xilinx/Vivado/2015.2/scripts/rt/data/unisim_comp.v:15919]
INFO: [Synth 8-638] synthesizing module 'LUT5__parameterized4' [C:/Xilinx/Vivado/2015.2/scripts/rt/data/unisim_comp.v:15873]
	Parameter INIT bound to: 32'b10000000000000000000000000000000 
INFO: [Synth 8-256] done synthesizing module 'LUT5__parameterized4' (17#1) [C:/Xilinx/Vivado/2015.2/scripts/rt/data/unisim_comp.v:15873]
INFO: [Synth 8-638] synthesizing module 'LUT6__parameterized11' [C:/Xilinx/Vivado/2015.2/scripts/rt/data/unisim_comp.v:15919]
	Parameter INIT bound to: 64'b0000000000000000100000000000000000000000000000000000000000000000 
INFO: [Synth 8-256] done synthesizing module 'LUT6__parameterized11' (17#1) [C:/Xilinx/Vivado/2015.2/scripts/rt/data/unisim_comp.v:15919]
INFO: [Synth 8-638] synthesizing module 'LUT3__parameterized6' [C:/Xilinx/Vivado/2015.2/scripts/rt/data/unisim_comp.v:15790]
	Parameter INIT bound to: 8'b10000000 
INFO: [Synth 8-256] done synthesizing module 'LUT3__parameterized6' (17#1) [C:/Xilinx/Vivado/2015.2/scripts/rt/data/unisim_comp.v:15790]
INFO: [Synth 8-638] synthesizing module 'LUT6__parameterized12' [C:/Xilinx/Vivado/2015.2/scripts/rt/data/unisim_comp.v:15919]
	Parameter INIT bound to: 64'b0000000000000000000000000000000000000000000000000000000000000001 
INFO: [Synth 8-256] done synthesizing module 'LUT6__parameterized12' (17#1) [C:/Xilinx/Vivado/2015.2/scripts/rt/data/unisim_comp.v:15919]
INFO: [Synth 8-638] synthesizing module 'LUT5__parameterized5' [C:/Xilinx/Vivado/2015.2/scripts/rt/data/unisim_comp.v:15873]
	Parameter INIT bound to: 32'b00000000000000000000000000000001 
INFO: [Synth 8-256] done synthesizing module 'LUT5__parameterized5' (17#1) [C:/Xilinx/Vivado/2015.2/scripts/rt/data/unisim_comp.v:15873]
INFO: [Synth 8-638] synthesizing module 'LUT6__parameterized13' [C:/Xilinx/Vivado/2015.2/scripts/rt/data/unisim_comp.v:15919]
	Parameter INIT bound to: 64'b0000000000000000000000000000000000000000000000000000000000000001 
INFO: [Synth 8-256] done synthesizing module 'LUT6__parameterized13' (17#1) [C:/Xilinx/Vivado/2015.2/scripts/rt/data/unisim_comp.v:15919]
INFO: [Synth 8-638] synthesizing module 'LUT2__parameterized13' [C:/Xilinx/Vivado/2015.2/scripts/rt/data/unisim_comp.v:15753]
	Parameter INIT bound to: 4'b0110 
INFO: [Synth 8-256] done synthesizing module 'LUT2__parameterized13' (17#1) [C:/Xilinx/Vivado/2015.2/scripts/rt/data/unisim_comp.v:15753]
INFO: [Synth 8-638] synthesizing module 'LUT3__parameterized7' [C:/Xilinx/Vivado/2015.2/scripts/rt/data/unisim_comp.v:15790]
	Parameter INIT bound to: 8'b01111000 
INFO: [Synth 8-256] done synthesizing module 'LUT3__parameterized7' (17#1) [C:/Xilinx/Vivado/2015.2/scripts/rt/data/unisim_comp.v:15790]
INFO: [Synth 8-638] synthesizing module 'LUT4__parameterized26' [C:/Xilinx/Vivado/2015.2/scripts/rt/data/unisim_comp.v:15830]
	Parameter INIT bound to: 16'b0111111110000000 
INFO: [Synth 8-256] done synthesizing module 'LUT4__parameterized26' (17#1) [C:/Xilinx/Vivado/2015.2/scripts/rt/data/unisim_comp.v:15830]
INFO: [Synth 8-638] synthesizing module 'LUT5__parameterized6' [C:/Xilinx/Vivado/2015.2/scripts/rt/data/unisim_comp.v:15873]
	Parameter INIT bound to: 32'b01111111111111111000000000000000 
INFO: [Synth 8-256] done synthesizing module 'LUT5__parameterized6' (17#1) [C:/Xilinx/Vivado/2015.2/scripts/rt/data/unisim_comp.v:15873]
INFO: [Synth 8-638] synthesizing module 'LUT6__parameterized14' [C:/Xilinx/Vivado/2015.2/scripts/rt/data/unisim_comp.v:15919]
	Parameter INIT bound to: 64'b1111011011111111111111111111011011110000111100001111000011110000 
INFO: [Synth 8-256] done synthesizing module 'LUT6__parameterized14' (17#1) [C:/Xilinx/Vivado/2015.2/scripts/rt/data/unisim_comp.v:15919]
INFO: [Synth 8-638] synthesizing module 'LUT2__parameterized14' [C:/Xilinx/Vivado/2015.2/scripts/rt/data/unisim_comp.v:15753]
	Parameter INIT bound to: 4'b1000 
INFO: [Synth 8-256] done synthesizing module 'LUT2__parameterized14' (17#1) [C:/Xilinx/Vivado/2015.2/scripts/rt/data/unisim_comp.v:15753]
INFO: [Synth 8-638] synthesizing module 'LUT6__parameterized15' [C:/Xilinx/Vivado/2015.2/scripts/rt/data/unisim_comp.v:15919]
	Parameter INIT bound to: 64'b0111111111111111111111111111111110000000000000000000000000000000 
INFO: [Synth 8-256] done synthesizing module 'LUT6__parameterized15' (17#1) [C:/Xilinx/Vivado/2015.2/scripts/rt/data/unisim_comp.v:15919]
INFO: [Synth 8-638] synthesizing module 'LUT6__parameterized16' [C:/Xilinx/Vivado/2015.2/scripts/rt/data/unisim_comp.v:15919]
	Parameter INIT bound to: 64'b0111110111111111111111110111110100000000000000000000000000000000 
INFO: [Synth 8-256] done synthesizing module 'LUT6__parameterized16' (17#1) [C:/Xilinx/Vivado/2015.2/scripts/rt/data/unisim_comp.v:15919]
INFO: [Synth 8-638] synthesizing module 'LUT6__parameterized17' [C:/Xilinx/Vivado/2015.2/scripts/rt/data/unisim_comp.v:15919]
	Parameter INIT bound to: 64'b0111111111111111111111111111111111111111111111111111111111111111 
INFO: [Synth 8-256] done synthesizing module 'LUT6__parameterized17' (17#1) [C:/Xilinx/Vivado/2015.2/scripts/rt/data/unisim_comp.v:15919]
WARNING: [Synth 8-689] width (1) of port connection 'O' does not match port width (4) of module 'CARRY4' [D:/Users/TEMP.PCLABS.000/project_1/project_1.srcs/sources_1/new/keypad4X4.sv:524]
WARNING: [Synth 8-350] instance 'count_reg[16]_i_1' of module 'CARRY4' requires 6 connections, but only 5 given [D:/Users/TEMP.PCLABS.000/project_1/project_1.srcs/sources_1/new/keypad4X4.sv:520]
INFO: [Synth 8-638] synthesizing module 'LUT6__parameterized18' [C:/Xilinx/Vivado/2015.2/scripts/rt/data/unisim_comp.v:15919]
	Parameter INIT bound to: 64'b1000000000000000000000000000000000000000000000000000000000000000 
INFO: [Synth 8-256] done synthesizing module 'LUT6__parameterized18' (17#1) [C:/Xilinx/Vivado/2015.2/scripts/rt/data/unisim_comp.v:15919]
INFO: [Synth 8-638] synthesizing module 'LUT2__parameterized15' [C:/Xilinx/Vivado/2015.2/scripts/rt/data/unisim_comp.v:15753]
	Parameter INIT bound to: 4'b0010 
INFO: [Synth 8-256] done synthesizing module 'LUT2__parameterized15' (17#1) [C:/Xilinx/Vivado/2015.2/scripts/rt/data/unisim_comp.v:15753]
INFO: [Synth 8-638] synthesizing module 'LUT3__parameterized8' [C:/Xilinx/Vivado/2015.2/scripts/rt/data/unisim_comp.v:15790]
	Parameter INIT bound to: 8'b11111110 
INFO: [Synth 8-256] done synthesizing module 'LUT3__parameterized8' (17#1) [C:/Xilinx/Vivado/2015.2/scripts/rt/data/unisim_comp.v:15790]
INFO: [Synth 8-638] synthesizing module 'LUT3__parameterized9' [C:/Xilinx/Vivado/2015.2/scripts/rt/data/unisim_comp.v:15790]
	Parameter INIT bound to: 8'b11111110 
INFO: [Synth 8-256] done synthesizing module 'LUT3__parameterized9' (17#1) [C:/Xilinx/Vivado/2015.2/scripts/rt/data/unisim_comp.v:15790]
INFO: [Synth 8-638] synthesizing module 'LUT3__parameterized10' [C:/Xilinx/Vivado/2015.2/scripts/rt/data/unisim_comp.v:15790]
	Parameter INIT bound to: 8'b11111110 
INFO: [Synth 8-256] done synthesizing module 'LUT3__parameterized10' (17#1) [C:/Xilinx/Vivado/2015.2/scripts/rt/data/unisim_comp.v:15790]
INFO: [Synth 8-638] synthesizing module 'LUT3__parameterized11' [C:/Xilinx/Vivado/2015.2/scripts/rt/data/unisim_comp.v:15790]
	Parameter INIT bound to: 8'b11111110 
INFO: [Synth 8-256] done synthesizing module 'LUT3__parameterized11' (17#1) [C:/Xilinx/Vivado/2015.2/scripts/rt/data/unisim_comp.v:15790]
INFO: [Synth 8-638] synthesizing module 'LUT4__parameterized27' [C:/Xilinx/Vivado/2015.2/scripts/rt/data/unisim_comp.v:15830]
	Parameter INIT bound to: 16'b0111111111111111 
INFO: [Synth 8-256] done synthesizing module 'LUT4__parameterized27' (17#1) [C:/Xilinx/Vivado/2015.2/scripts/rt/data/unisim_comp.v:15830]
INFO: [Synth 8-638] synthesizing module 'LUT4__parameterized28' [C:/Xilinx/Vivado/2015.2/scripts/rt/data/unisim_comp.v:15830]
	Parameter INIT bound to: 16'b0010000010101010 
INFO: [Synth 8-256] done synthesizing module 'LUT4__parameterized28' (17#1) [C:/Xilinx/Vivado/2015.2/scripts/rt/data/unisim_comp.v:15830]
INFO: [Synth 8-638] synthesizing module 'LUT4__parameterized29' [C:/Xilinx/Vivado/2015.2/scripts/rt/data/unisim_comp.v:15830]
	Parameter INIT bound to: 16'b0010101000000000 
INFO: [Synth 8-256] done synthesizing module 'LUT4__parameterized29' (17#1) [C:/Xilinx/Vivado/2015.2/scripts/rt/data/unisim_comp.v:15830]
INFO: [Synth 8-638] synthesizing module 'LUT2__parameterized16' [C:/Xilinx/Vivado/2015.2/scripts/rt/data/unisim_comp.v:15753]
	Parameter INIT bound to: 4'b1110 
INFO: [Synth 8-256] done synthesizing module 'LUT2__parameterized16' (17#1) [C:/Xilinx/Vivado/2015.2/scripts/rt/data/unisim_comp.v:15753]
INFO: [Synth 8-638] synthesizing module 'LUT2__parameterized17' [C:/Xilinx/Vivado/2015.2/scripts/rt/data/unisim_comp.v:15753]
	Parameter INIT bound to: 4'b1110 
INFO: [Synth 8-256] done synthesizing module 'LUT2__parameterized17' (17#1) [C:/Xilinx/Vivado/2015.2/scripts/rt/data/unisim_comp.v:15753]
INFO: [Synth 8-256] done synthesizing module 'keypad4X4' (18#1) [D:/Users/TEMP.PCLABS.000/project_1/project_1.srcs/sources_1/new/keypad4X4.sv:26]
INFO: [Synth 8-256] done synthesizing module 'TopModule' (19#1) [D:/Users/TEMP.PCLABS.000/project_1/project_1.srcs/sources_1/new/TopModule.sv:23]
---------------------------------------------------------------------------------
Finished RTL Elaboration : Time (s): cpu = 00:00:04 ; elapsed = 00:00:04 . Memory (MB): peak = 283.465 ; gain = 104.137
---------------------------------------------------------------------------------

Report Check Netlist: 
+------+------------------+-------+---------+-------+------------------+
|      |Item              |Errors |Warnings |Status |Description       |
+------+------------------+-------+---------+-------+------------------+
|1     |multi_driven_nets |      0|        0|Passed |Multi driven nets |
+------+------------------+-------+---------+-------+------------------+
---------------------------------------------------------------------------------
Finished RTL Optimization Phase 1 : Time (s): cpu = 00:00:04 ; elapsed = 00:00:04 . Memory (MB): peak = 283.465 ; gain = 104.137
---------------------------------------------------------------------------------
INFO: [Netlist 29-17] Analyzing 30 Unisim elements for replacement
INFO: [Netlist 29-28] Unisim Transformation completed in 0 CPU seconds
INFO: [Device 21-403] Loading part xc7a35tcpg236-1
INFO: [Project 1-570] Preparing netlist for logic optimization

Processing XDC Constraints
Initializing timing engine
Parsing XDC File [D:/Users/TEMP.PCLABS.000/project_1/project_1.srcs/constrs_1/new/constraint.xdc]
Finished Parsing XDC File [D:/Users/TEMP.PCLABS.000/project_1/project_1.srcs/constrs_1/new/constraint.xdc]
Completed Processing XDC Constraints

INFO: [Project 1-111] Unisim Transformation Summary:
No Unisim elements were transformed.

Constraint Validation Runtime : Time (s): cpu = 00:00:00 ; elapsed = 00:00:00 . Memory (MB): peak = 577.457 ; gain = 0.000
---------------------------------------------------------------------------------
Finished Constraint Validation : Time (s): cpu = 00:00:09 ; elapsed = 00:00:08 . Memory (MB): peak = 577.457 ; gain = 398.129
---------------------------------------------------------------------------------
---------------------------------------------------------------------------------
Start Loading Part and Timing Information
---------------------------------------------------------------------------------
Loading part: xc7a35tcpg236-1
---------------------------------------------------------------------------------
Finished Loading Part and Timing Information : Time (s): cpu = 00:00:09 ; elapsed = 00:00:08 . Memory (MB): peak = 577.457 ; gain = 398.129
---------------------------------------------------------------------------------
---------------------------------------------------------------------------------
Start Applying 'set_property' XDC Constraints
---------------------------------------------------------------------------------
---------------------------------------------------------------------------------
Finished applying 'set_property' XDC Constraints : Time (s): cpu = 00:00:09 ; elapsed = 00:00:09 . Memory (MB): peak = 577.457 ; gain = 398.129
---------------------------------------------------------------------------------
---------------------------------------------------------------------------------
Finished RTL Optimization Phase 2 : Time (s): cpu = 00:00:09 ; elapsed = 00:00:09 . Memory (MB): peak = 577.457 ; gain = 398.129
---------------------------------------------------------------------------------

Report RTL Partitions: 
+-+--------------+------------+----------+
| |RTL Partition |Replication |Instances |
+-+--------------+------------+----------+
+-+--------------+------------+----------+
---------------------------------------------------------------------------------
Start RTL Component Statistics 
---------------------------------------------------------------------------------
Detailed RTL Component Info : 
+---Adders : 
	   2 Input      4 Bit       Adders := 1     
+---XORs : 
	   4 Input      1 Bit         XORs := 1     
+---Registers : 
	               16 Bit    Registers := 1     
	                4 Bit    Registers := 6     
	                2 Bit    Registers := 2     
	                1 Bit    Registers := 1     
+---Muxes : 
	  16 Input      2 Bit        Muxes := 2     
	   2 Input      2 Bit        Muxes := 1     
---------------------------------------------------------------------------------
Finished RTL Component Statistics 
---------------------------------------------------------------------------------
---------------------------------------------------------------------------------
Start RTL Hierarchical Component Statistics 
---------------------------------------------------------------------------------
Hierarchical RTL Component report 
Module TopModule 
Detailed RTL Component Info : 
+---Adders : 
	   2 Input      4 Bit       Adders := 1     
+---Registers : 
	                4 Bit    Registers := 5     
+---Muxes : 
	   2 Input      2 Bit        Muxes := 1     
Module RandomGenerator 
Detailed RTL Component Info : 
+---XORs : 
	   4 Input      1 Bit         XORs := 1     
+---Registers : 
	               16 Bit    Registers := 1     
	                4 Bit    Registers := 1     
	                1 Bit    Registers := 1     
Module Duration 
Detailed RTL Component Info : 
+---Registers : 
	                2 Bit    Registers := 1     
+---Muxes : 
	  16 Input      2 Bit        Muxes := 1     
Module Direction 
Detailed RTL Component Info : 
+---Registers : 
	                2 Bit    Registers := 1     
+---Muxes : 
	  16 Input      2 Bit        Muxes := 1     
---------------------------------------------------------------------------------
Finished RTL Hierarchical Component Statistics
---------------------------------------------------------------------------------
---------------------------------------------------------------------------------
Start Part Resource Summary
---------------------------------------------------------------------------------
Part Resources:
DSPs: 120 (col length:60)
BRAMs: 150 (col length: RAMB18 60 RAMB36 30)
---------------------------------------------------------------------------------
Finished Part Resource Summary
---------------------------------------------------------------------------------
Start Parallel Synthesis Optimization  : Time (s): cpu = 00:00:09 ; elapsed = 00:00:09 . Memory (MB): peak = 577.457 ; gain = 398.129
---------------------------------------------------------------------------------
Start Cross Boundary Optimization
---------------------------------------------------------------------------------
---------------------------------------------------------------------------------
Finished Cross Boundary Optimization : Time (s): cpu = 00:00:09 ; elapsed = 00:00:09 . Memory (MB): peak = 577.457 ; gain = 398.129
---------------------------------------------------------------------------------
Finished Parallel Reinference  : Time (s): cpu = 00:00:09 ; elapsed = 00:00:09 . Memory (MB): peak = 577.457 ; gain = 398.129

Report RTL Partitions: 
+-+--------------+------------+----------+
| |RTL Partition |Replication |Instances |
+-+--------------+------------+----------+
+-+--------------+------------+----------+
---------------------------------------------------------------------------------
Start Area Optimization
---------------------------------------------------------------------------------
---------------------------------------------------------------------------------
Finished Area Optimization : Time (s): cpu = 00:00:09 ; elapsed = 00:00:09 . Memory (MB): peak = 577.457 ; gain = 398.129
---------------------------------------------------------------------------------
Finished Parallel Area Optimization  : Time (s): cpu = 00:00:09 ; elapsed = 00:00:09 . Memory (MB): peak = 577.457 ; gain = 398.129

Report RTL Partitions: 
+-+--------------+------------+----------+
| |RTL Partition |Replication |Instances |
+-+--------------+------------+----------+
+-+--------------+------------+----------+
Finished Parallel Synthesis Optimization  : Time (s): cpu = 00:00:09 ; elapsed = 00:00:09 . Memory (MB): peak = 577.457 ; gain = 398.129
---------------------------------------------------------------------------------
Start Timing Optimization
---------------------------------------------------------------------------------
---------------------------------------------------------------------------------
Start Applying XDC Timing Constraints
---------------------------------------------------------------------------------
---------------------------------------------------------------------------------
Finished Applying XDC Timing Constraints : Time (s): cpu = 00:00:17 ; elapsed = 00:00:17 . Memory (MB): peak = 577.457 ; gain = 398.129
---------------------------------------------------------------------------------
---------------------------------------------------------------------------------
Finished Timing Optimization : Time (s): cpu = 00:00:17 ; elapsed = 00:00:17 . Memory (MB): peak = 577.457 ; gain = 398.129
---------------------------------------------------------------------------------

Report RTL Partitions: 
+-+--------------+------------+----------+
| |RTL Partition |Replication |Instances |
+-+--------------+------------+----------+
+-+--------------+------------+----------+
---------------------------------------------------------------------------------
Start Technology Mapping
---------------------------------------------------------------------------------
---------------------------------------------------------------------------------
Finished Technology Mapping : Time (s): cpu = 00:00:17 ; elapsed = 00:00:17 . Memory (MB): peak = 577.457 ; gain = 398.129
---------------------------------------------------------------------------------

Report RTL Partitions: 
+-+--------------+------------+----------+
| |RTL Partition |Replication |Instances |
+-+--------------+------------+----------+
+-+--------------+------------+----------+
---------------------------------------------------------------------------------
Start IO Insertion
---------------------------------------------------------------------------------
---------------------------------------------------------------------------------
Start Final Netlist Cleanup
---------------------------------------------------------------------------------
---------------------------------------------------------------------------------
Finished Final Netlist Cleanup
---------------------------------------------------------------------------------
---------------------------------------------------------------------------------
Finished IO Insertion : Time (s): cpu = 00:00:17 ; elapsed = 00:00:17 . Memory (MB): peak = 577.457 ; gain = 398.129
---------------------------------------------------------------------------------

Report Check Netlist: 
+------+------------------+-------+---------+-------+------------------+
|      |Item              |Errors |Warnings |Status |Description       |
+------+------------------+-------+---------+-------+------------------+
|1     |multi_driven_nets |      0|        0|Passed |Multi driven nets |
+------+------------------+-------+---------+-------+------------------+
---------------------------------------------------------------------------------
Start Renaming Generated Instances
---------------------------------------------------------------------------------
---------------------------------------------------------------------------------
Finished Renaming Generated Instances : Time (s): cpu = 00:00:17 ; elapsed = 00:00:17 . Memory (MB): peak = 577.457 ; gain = 398.129
---------------------------------------------------------------------------------

Report RTL Partitions: 
+-+--------------+------------+----------+
| |RTL Partition |Replication |Instances |
+-+--------------+------------+----------+
+-+--------------+------------+----------+
---------------------------------------------------------------------------------
Start Rebuilding User Hierarchy
---------------------------------------------------------------------------------
---------------------------------------------------------------------------------
Finished Rebuilding User Hierarchy : Time (s): cpu = 00:00:17 ; elapsed = 00:00:17 . Memory (MB): peak = 577.457 ; gain = 398.129
---------------------------------------------------------------------------------
---------------------------------------------------------------------------------
Start Renaming Generated Ports : Time (s): cpu = 00:00:17 ; elapsed = 00:00:17 . Memory (MB): peak = 577.457 ; gain = 398.129
---------------------------------------------------------------------------------
---------------------------------------------------------------------------------
Finished Renaming Generated Ports : Time (s): cpu = 00:00:17 ; elapsed = 00:00:17 . Memory (MB): peak = 577.457 ; gain = 398.129
---------------------------------------------------------------------------------
---------------------------------------------------------------------------------
Start ROM, RAM, DSP and Shift Register Reporting
---------------------------------------------------------------------------------

Static Shift Register:
+------------+-----------------------+--------+-------+--------------+--------------------+-------------------+--------+---------+
|Module Name | RTL Name              | Length | Width | Reset Signal | Pull out first Reg | Pull out last Reg | SRL16E | SRLC32E | 
+------------+-----------------------+--------+-------+--------------+--------------------+-------------------+--------+---------+
|TopModule   | rasdom/random_reg[12] | 4      | 1     | YES          | NO                 | NO                | 1      | 0       | 
+------------+-----------------------+--------+-------+--------------+--------------------+-------------------+--------+---------+

---------------------------------------------------------------------------------
Finished ROM, RAM, DSP and Shift Register Reporting
---------------------------------------------------------------------------------
---------------------------------------------------------------------------------
Start Writing Synthesis Report
---------------------------------------------------------------------------------

Report BlackBoxes: 
+-+--------------+----------+
| |BlackBox name |Instances |
+-+--------------+----------+
+-+--------------+----------+

Report Cell Usage: 
+------+-------+------+
|      |Cell   |Count |
+------+-------+------+
|1     |BUFG   |     1|
|2     |CARRY4 |    30|
|3     |GND    |     4|
|4     |LUT1   |    10|
|5     |LUT2   |    22|
|6     |LUT3   |    18|
|7     |LUT4   |    40|
|8     |LUT5   |     9|
|9     |LUT6   |    21|
|10    |SRL16E |     1|
|11    |VCC    |     4|
|12    |FDCE   |     4|
|13    |FDRE   |   161|
|14    |FDSE   |    10|
|15    |IBUF   |     7|
|16    |OBUF   |    20|
+------+-------+------+

Report Instance Areas: 
+------+--------------------+---------------------+------+
|      |Instance            |Module               |Cells |
+------+--------------------+---------------------+------+
|1     |top                 |                     |   362|
|2     |  steppermotor      |steppermotor_wrapper |   148|
|3     |    stepmotor_inst0 |stepmotor            |    56|
|4     |  seven1            |SevSeg_4digit        |    41|
|5     |  keypad            |keypad4X4            |    85|
|6     |  direction         |Direction            |     4|
|7     |  duration          |Duration             |     4|
|8     |  rasdom            |RandomGenerator      |    26|
+------+--------------------+---------------------+------+
---------------------------------------------------------------------------------
Finished Writing Synthesis Report : Time (s): cpu = 00:00:17 ; elapsed = 00:00:17 . Memory (MB): peak = 577.457 ; gain = 398.129
---------------------------------------------------------------------------------
Synthesis finished with 0 errors, 0 critical warnings and 0 warnings.
Synthesis Optimization Runtime : Time (s): cpu = 00:00:10 ; elapsed = 00:00:13 . Memory (MB): peak = 577.457 ; gain = 88.789
Synthesis Optimization Complete : Time (s): cpu = 00:00:17 ; elapsed = 00:00:17 . Memory (MB): peak = 577.457 ; gain = 398.129
INFO: [Project 1-571] Translating synthesized netlist
INFO: [Netlist 29-17] Analyzing 37 Unisim elements for replacement
INFO: [Netlist 29-28] Unisim Transformation completed in 0 CPU seconds
INFO: [Project 1-570] Preparing netlist for logic optimization
INFO: [Opt 31-138] Pushed 0 inverter(s) to 0 load pin(s).
INFO: [Project 1-111] Unisim Transformation Summary:
No Unisim elements were transformed.

INFO: [Common 17-83] Releasing license: Synthesis
229 Infos, 17 Warnings, 0 Critical Warnings and 0 Errors encountered.
synth_design completed successfully
synth_design: Time (s): cpu = 00:00:16 ; elapsed = 00:00:17 . Memory (MB): peak = 577.457 ; gain = 383.059
report_utilization: Time (s): cpu = 00:00:00 ; elapsed = 00:00:00.030 . Memory (MB): peak = 577.457 ; gain = 0.000
INFO: [Common 17-206] Exiting Vivado at Sat Dec 16 15:39:20 2017...
